<?xml version="1.0" encoding="UTF-8"?>
<TestRun id="871d889a-bba9-46ba-9eb5-ae654489b77d" name="VasilyevMG@MSKVASILYEVMG 2010-11-16 12:00:40" runUser="INFOTECS-NT\VasilyevMG" xmlns="http://microsoft.com/schemas/VisualStudio/TeamTest/2010">
  <TestSettings name="Default Test Settings" id="498ae575-de56-41b8-a7cc-fee449e08594">
    <Deployment runDeploymentRoot="VasilyevMG_MSKVASILYEVMG 2010-11-16 12_00_40">
      <DeploymentItem filename="E:\Work\Private\grate\Main\Grate\Grate\bin\Debug\Grate.exe" />
    </Deployment>
    <Execution>
      <TestTypeSpecific />
      <AgentRule name="Execution Agents">
      </AgentRule>
    </Execution>
  </TestSettings>
  <Times creation="2010-11-16T12:00:40.9939470+03:00" queuing="2010-11-16T12:00:41.9763690+03:00" start="2010-11-16T12:00:42.0387450+03:00" finish="2010-11-16T12:01:50.1377430+03:00" />
  <ResultSummary outcome="Error">
    <Counters total="5" executed="3" passed="2" error="0" failed="0" timeout="0" aborted="1" inconclusive="0" passedButRunAborted="0" notRunnable="0" notExecuted="2" disconnected="0" warning="0" completed="0" inProgress="0" pending="0" />
    <RunInfos>
      <RunInfo computerName="MSKVASILYEVMG" outcome="Error" timestamp="2010-11-16T12:01:50.1221490+03:00">
        <Text>Test host process exited unexpectedly.</Text>
      </RunInfo>
    </RunInfos>
  </ResultSummary>
  <TestDefinitions>
    <UnitTest name="TestByHumanVision" storage="e:\work\private\grate\main\grate\gratetest\bin\debug\gratetest.dll" id="15c2f06f-e23d-313d-2989-2650d8c262c3">
      <Execution id="51f9dd89-7d86-4e4e-942a-a5b8d9f8c895" />
      <TestMethod codeBase="E:/Work/Private/grate/Main/Grate/GrateTest/bin/Debug/GrateTest.DLL" adapterTypeName="Microsoft.VisualStudio.TestTools.TestTypes.Unit.UnitTestAdapter, Microsoft.VisualStudio.QualityTools.Tips.UnitTest.Adapter, Version=10.0.0.0, Culture=neutral, PublicKeyToken=b03f5f7f11d50a3a" className="GrateTest.ColorNodeTest, GrateTest, Version=1.0.0.0, Culture=neutral, PublicKeyToken=null" name="TestByHumanVision" />
    </UnitTest>
    <UnitTest name="TestColorSumWeight" storage="e:\work\private\grate\main\grate\gratetest\bin\debug\gratetest.dll" id="22b04911-9e44-c08a-6bd6-e6ba638de2ee">
      <Execution id="a7ee41e7-9256-4e9a-89c5-c5035877e66c" />
      <TestMethod codeBase="E:/Work/Private/grate/Main/Grate/GrateTest/bin/Debug/GrateTest.DLL" adapterTypeName="Microsoft.VisualStudio.TestTools.TestTypes.Unit.UnitTestAdapter, Microsoft.VisualStudio.QualityTools.Tips.UnitTest.Adapter, Version=10.0.0.0, Culture=neutral, PublicKeyToken=b03f5f7f11d50a3a" className="GrateTest.ColorNodeTest, GrateTest, Version=1.0.0.0, Culture=neutral, PublicKeyToken=null" name="TestColorSumWeight" />
    </UnitTest>
    <UnitTest name="TestColorNodeAddTwoNodes" storage="e:\work\private\grate\main\grate\gratetest\bin\debug\gratetest.dll" id="d4970e81-7977-8100-0f94-f2685882908e">
      <Execution id="3bd9704d-9ef3-4b74-8122-c9e9f9b6cf04" />
      <TestMethod codeBase="E:/Work/Private/grate/Main/Grate/GrateTest/bin/Debug/GrateTest.DLL" adapterTypeName="Microsoft.VisualStudio.TestTools.TestTypes.Unit.UnitTestAdapter, Microsoft.VisualStudio.QualityTools.Tips.UnitTest.Adapter, Version=10.0.0.0, Culture=neutral, PublicKeyToken=b03f5f7f11d50a3a" className="GrateTest.ColorNodeTest, GrateTest, Version=1.0.0.0, Culture=neutral, PublicKeyToken=null" name="TestColorNodeAddTwoNodes" />
    </UnitTest>
    <UnitTest name="TestContructorColorNode" storage="e:\work\private\grate\main\grate\gratetest\bin\debug\gratetest.dll" id="201cc5f2-caac-4be9-a6b5-9b3643babc8c">
      <Execution id="57f03b05-dfb1-4f03-a5fd-76c1f479dc3f" />
      <TestMethod codeBase="E:/Work/Private/grate/Main/Grate/GrateTest/bin/Debug/GrateTest.DLL" adapterTypeName="Microsoft.VisualStudio.TestTools.TestTypes.Unit.UnitTestAdapter, Microsoft.VisualStudio.QualityTools.Tips.UnitTest.Adapter, Version=10.0.0.0, Culture=neutral, PublicKeyToken=b03f5f7f11d50a3a" className="GrateTest.ColorNodeTest, GrateTest, Version=1.0.0.0, Culture=neutral, PublicKeyToken=null" name="TestContructorColorNode" />
    </UnitTest>
    <UnitTest name="TestContructorColorNodeException" storage="e:\work\private\grate\main\grate\gratetest\bin\debug\gratetest.dll" id="6014812e-de32-adb5-9bca-85c2a17a3bae">
      <Execution id="d86ce182-2007-456d-afae-dcfc4c61e82f" />
      <TestMethod codeBase="E:/Work/Private/grate/Main/Grate/GrateTest/bin/Debug/GrateTest.DLL" adapterTypeName="Microsoft.VisualStudio.TestTools.TestTypes.Unit.UnitTestAdapter, Microsoft.VisualStudio.QualityTools.Tips.UnitTest.Adapter, Version=10.0.0.0, Culture=neutral, PublicKeyToken=b03f5f7f11d50a3a" className="GrateTest.ColorNodeTest, GrateTest, Version=1.0.0.0, Culture=neutral, PublicKeyToken=null" name="TestContructorColorNodeException" />
    </UnitTest>
  </TestDefinitions>
  <TestLists>
    <TestList name="Results Not in a List" id="8c84fa94-04c1-424b-9868-57a2d4851a1d" />
    <TestList name="All Loaded Results" id="19431567-8539-422a-85d7-44ee4e166bda" />
  </TestLists>
  <TestEntries>
    <TestEntry testId="201cc5f2-caac-4be9-a6b5-9b3643babc8c" executionId="57f03b05-dfb1-4f03-a5fd-76c1f479dc3f" testListId="8c84fa94-04c1-424b-9868-57a2d4851a1d" />
    <TestEntry testId="d4970e81-7977-8100-0f94-f2685882908e" executionId="3bd9704d-9ef3-4b74-8122-c9e9f9b6cf04" testListId="8c84fa94-04c1-424b-9868-57a2d4851a1d" />
    <TestEntry testId="6014812e-de32-adb5-9bca-85c2a17a3bae" executionId="d86ce182-2007-456d-afae-dcfc4c61e82f" testListId="8c84fa94-04c1-424b-9868-57a2d4851a1d" />
    <TestEntry testId="22b04911-9e44-c08a-6bd6-e6ba638de2ee" executionId="a7ee41e7-9256-4e9a-89c5-c5035877e66c" testListId="8c84fa94-04c1-424b-9868-57a2d4851a1d" />
    <TestEntry testId="15c2f06f-e23d-313d-2989-2650d8c262c3" executionId="51f9dd89-7d86-4e4e-942a-a5b8d9f8c895" testListId="8c84fa94-04c1-424b-9868-57a2d4851a1d" />
  </TestEntries>
  <Results>
    <UnitTestResult executionId="57f03b05-dfb1-4f03-a5fd-76c1f479dc3f" testId="201cc5f2-caac-4be9-a6b5-9b3643babc8c" testName="TestContructorColorNode" computerName="MSKVASILYEVMG" duration="00:00:00.0283259" startTime="2010-11-16T12:00:42.0855270+03:00" endTime="2010-11-16T12:00:44.7521010+03:00" testType="13cdc9d9-ddb5-4fa4-a97d-d965ccfc6d4b" outcome="Passed" testListId="8c84fa94-04c1-424b-9868-57a2d4851a1d" relativeResultsDirectory="57f03b05-dfb1-4f03-a5fd-76c1f479dc3f">
    </UnitTestResult>
    <UnitTestResult executionId="3bd9704d-9ef3-4b74-8122-c9e9f9b6cf04" testId="d4970e81-7977-8100-0f94-f2685882908e" testName="TestColorNodeAddTwoNodes" computerName="MSKVASILYEVMG" duration="00:00:00.0033738" startTime="2010-11-16T12:00:44.7521010+03:00" endTime="2010-11-16T12:00:44.7676950+03:00" testType="13cdc9d9-ddb5-4fa4-a97d-d965ccfc6d4b" outcome="Passed" testListId="8c84fa94-04c1-424b-9868-57a2d4851a1d" relativeResultsDirectory="3bd9704d-9ef3-4b74-8122-c9e9f9b6cf04">
    </UnitTestResult>
    <UnitTestResult executionId="d86ce182-2007-456d-afae-dcfc4c61e82f" testId="6014812e-de32-adb5-9bca-85c2a17a3bae" testName="TestContructorColorNodeException" computerName="MSKVASILYEVMG" duration="00:01:05.3544540" startTime="2010-11-16T12:00:44.7832890+03:00" endTime="2010-11-16T12:01:50.1377430+03:00" testType="13cdc9d9-ddb5-4fa4-a97d-d965ccfc6d4b" outcome="Aborted" testListId="8c84fa94-04c1-424b-9868-57a2d4851a1d" relativeResultsDirectory="d86ce182-2007-456d-afae-dcfc4c61e82f">
    </UnitTestResult>
    <UnitTestResult executionId="a7ee41e7-9256-4e9a-89c5-c5035877e66c" testId="22b04911-9e44-c08a-6bd6-e6ba638de2ee" testName="TestColorSumWeight" computerName="MSKVASILYEVMG" testType="13cdc9d9-ddb5-4fa4-a97d-d965ccfc6d4b" outcome="NotExecuted" testListId="8c84fa94-04c1-424b-9868-57a2d4851a1d" relativeResultsDirectory="a7ee41e7-9256-4e9a-89c5-c5035877e66c">
    </UnitTestResult>
    <UnitTestResult executionId="51f9dd89-7d86-4e4e-942a-a5b8d9f8c895" testId="15c2f06f-e23d-313d-2989-2650d8c262c3" testName="TestByHumanVision" computerName="MSKVASILYEVMG" testType="13cdc9d9-ddb5-4fa4-a97d-d965ccfc6d4b" outcome="NotExecuted" testListId="8c84fa94-04c1-424b-9868-57a2d4851a1d" relativeResultsDirectory="51f9dd89-7d86-4e4e-942a-a5b8d9f8c895">
    </UnitTestResult>
  </Results>
</TestRun>