<?xml version="1.0" encoding="UTF-8"?>
<TestRun id="2b77f0ce-eca0-4b8c-8f0c-c46c027d50ff" name="VasilyevMG@MSKVASILYEVMG 2010-11-16 11:58:29" runUser="INFOTECS-NT\VasilyevMG" xmlns="http://microsoft.com/schemas/VisualStudio/TeamTest/2010">
  <TestSettings name="Default Test Settings" id="93771ad9-1199-48d5-9101-bd25d522dc1e">
    <Deployment runDeploymentRoot="VasilyevMG_MSKVASILYEVMG 2010-11-16 11_58_29">
      <DeploymentItem filename="E:\Work\Private\grate\main\Grate\Grate\bin\Debug\Grate.exe" />
    </Deployment>
    <Execution>
      <TestTypeSpecific />
      <AgentRule name="Execution Agents">
      </AgentRule>
    </Execution>
  </TestSettings>
  <Times creation="2010-11-16T11:58:29.5560597+03:00" queuing="2010-11-16T11:58:33.2668530+03:00" start="2010-11-16T11:58:33.4851690+03:00" finish="2010-11-16T11:58:59.8496575+03:00" />
  <ResultSummary outcome="Failed">
    <Counters total="2" executed="2" passed="1" error="0" failed="1" timeout="0" aborted="0" inconclusive="0" passedButRunAborted="0" notRunnable="0" notExecuted="0" disconnected="0" warning="0" completed="0" inProgress="0" pending="0" />
  </ResultSummary>
  <TestDefinitions>
    <UnitTest name="TestColorNodeAddTwoNodes" storage="e:\work\private\grate\main\grate\gratetest\bin\debug\gratetest.dll" id="d4970e81-7977-8100-0f94-f2685882908e">
      <Execution id="0fea0569-9081-4194-b9e8-757fb25731b1" />
      <TestMethod codeBase="E:/Work/Private/grate/Main/Grate/GrateTest/bin/Debug/GrateTest.DLL" adapterTypeName="Microsoft.VisualStudio.TestTools.TestTypes.Unit.UnitTestAdapter, Microsoft.VisualStudio.QualityTools.Tips.UnitTest.Adapter, Version=10.0.0.0, Culture=neutral, PublicKeyToken=b03f5f7f11d50a3a" className="GrateTest.ColorNodeTest, GrateTest, Version=1.0.0.0, Culture=neutral, PublicKeyToken=null" name="TestColorNodeAddTwoNodes" />
    </UnitTest>
    <UnitTest name="TestContructorColorNode" storage="e:\work\private\grate\main\grate\gratetest\bin\debug\gratetest.dll" id="201cc5f2-caac-4be9-a6b5-9b3643babc8c">
      <Execution id="4f4d0a98-d054-4901-9060-f5b49caddce0" />
      <TestMethod codeBase="E:/Work/Private/grate/Main/Grate/GrateTest/bin/Debug/GrateTest.DLL" adapterTypeName="Microsoft.VisualStudio.TestTools.TestTypes.Unit.UnitTestAdapter, Microsoft.VisualStudio.QualityTools.Tips.UnitTest.Adapter, Version=10.0.0.0, Culture=neutral, PublicKeyToken=b03f5f7f11d50a3a" className="GrateTest.ColorNodeTest, GrateTest, Version=1.0.0.0, Culture=neutral, PublicKeyToken=null" name="TestContructorColorNode" />
    </UnitTest>
  </TestDefinitions>
  <TestLists>
    <TestList name="Results Not in a List" id="8c84fa94-04c1-424b-9868-57a2d4851a1d" />
    <TestList name="All Loaded Results" id="19431567-8539-422a-85d7-44ee4e166bda" />
  </TestLists>
  <TestEntries>
    <TestEntry testId="201cc5f2-caac-4be9-a6b5-9b3643babc8c" executionId="4f4d0a98-d054-4901-9060-f5b49caddce0" testListId="8c84fa94-04c1-424b-9868-57a2d4851a1d" />
    <TestEntry testId="d4970e81-7977-8100-0f94-f2685882908e" executionId="0fea0569-9081-4194-b9e8-757fb25731b1" testListId="8c84fa94-04c1-424b-9868-57a2d4851a1d" />
  </TestEntries>
  <Results>
    <UnitTestResult executionId="4f4d0a98-d054-4901-9060-f5b49caddce0" testId="201cc5f2-caac-4be9-a6b5-9b3643babc8c" testName="TestContructorColorNode" computerName="MSKVASILYEVMG" duration="00:00:23.3953465" startTime="2010-11-16T11:58:33.6567030+03:00" endTime="2010-11-16T11:58:59.6625295+03:00" testType="13cdc9d9-ddb5-4fa4-a97d-d965ccfc6d4b" outcome="Failed" testListId="8c84fa94-04c1-424b-9868-57a2d4851a1d" relativeResultsDirectory="4f4d0a98-d054-4901-9060-f5b49caddce0">
      <Output>
        <ErrorInfo>
          <Message>Test method GrateTest.ColorNodeTest.TestContructorColorNode threw exception: 
System.Exception: ColorGroup: Group can not be less then 2</Message>
          <StackTrace>    at Grate.ColorDispersion.ColorGroup..ctor(ColorWeight[] group) in E:\Work\Private\grate\Main\Grate\Grate\ColorDispersion\ColorGroup.cs:line 18
   at GrateTest.ColorNodeTest.TestContructorColorNode() in E:\Work\Private\grate\main\Grate\GrateTest\ColorNodeTest.cs:line 68
</StackTrace>
        </ErrorInfo>
      </Output>
    </UnitTestResult>
    <UnitTestResult executionId="0fea0569-9081-4194-b9e8-757fb25731b1" testId="d4970e81-7977-8100-0f94-f2685882908e" testName="TestColorNodeAddTwoNodes" computerName="MSKVASILYEVMG" duration="00:00:00.0003729" startTime="2010-11-16T11:58:59.6625295+03:00" endTime="2010-11-16T11:58:59.6781235+03:00" testType="13cdc9d9-ddb5-4fa4-a97d-d965ccfc6d4b" outcome="Passed" testListId="8c84fa94-04c1-424b-9868-57a2d4851a1d" relativeResultsDirectory="0fea0569-9081-4194-b9e8-757fb25731b1">
    </UnitTestResult>
  </Results>
</TestRun>